<?xml version="1.0" encoding="UTF-8"?>
<!-- Generated by org.testng.reporters.JUnitReportReporter -->
<testsuite skipped="0" hostname="DESKTOP-A85GCCO" name="Admin" tests="1" failures="0" timestamp="2021-09-11T14:23:26 EDT" time="8.345" errors="0">
  <testcase name="filterSearchTest" time="8.345" classname="Admin"/>
  <system-out/>
</testsuite> <!-- Admin -->
