<?xml version="1.0" encoding="UTF-8"?>
<!-- Generated by org.testng.reporters.JUnitReportReporter -->
<testsuite skipped="0" hostname="DESKTOP-A85GCCO" name="Leave" tests="1" failures="0" timestamp="2021-09-11T14:23:26 EDT" time="6.909" errors="0">
  <testcase name="test03" time="6.909" classname="Leave"/>
  <system-out/>
</testsuite> <!-- Leave -->
